build/app/outputs/mapping/liveRelease/seeds.txt
com.sports.super11.the_super11.MainActivity
com.sports.super11.the_super11.MainActivity: MainActivity()
...
io.flutter.plugins.firebase.crashlytics.FirebaseCrashlyticsTestCrash: FirebaseCrashlyticsTestCrash()
io.flutter.embedding.engine.FlutterJNI: void setPlatformMessageHandler(io.flutter.embedding.engine.dart.PlatformMessageHandler)
org.threeten.bp.format.ResolverStyle: org.threeten.bp.format.ResolverStyle valueOf(java.lang.String)
com.razorpay.CheckoutBridge: void setDimensions(int,int)
com.razorpay.RzpAssist: void toast(java.lang.String)
androidx.appcompat.widget.AppCompatTextView: int getAutoSizeTextType()
io.flutter.embedding.android.FlutterActivityLaunchConfigs$BackgroundMode: io.flutter.embedding.android.FlutterActivityLaunchConfigs$BackgroundMode[] values()
org.threeten.bp.Duration: java.lang.Object readResolve()
androidx.appcompat.widget.AppCompatImageButton: void setImageResource(int)
androidx.core.view.ViewCompat$Api21Impl$1: ViewCompat$Api21Impl$1(android.view.View,androidx.core.view.OnApplyWindowInsetsListener)
androidx.appcompat.widget.AppCompatImageView: AppCompatImageView(android.content.Context,android.util.AttributeSet)
com.google.firebase.FirebaseCommonRegistrar: FirebaseCommonRegistrar()
io.flutter.embedding.engine.systemchannels.SettingsChannel$PlatformBrightness: io.flutter.embedding.engine.systemchannels.SettingsChannel$PlatformBrightness[] values()
com.yalantis.ucrop.view.TransformImageView: java.lang.String getImageInputPath()
io.flutter.embedding.engine.FlutterJNI: void onSurfaceWindowChanged(android.view.Surface)
com.dexterous.flutterlocalnotifications.models.SoundSource: com.dexterous.flutterlocalnotifications.models.SoundSource valueOf(java.lang.String)
com.dexterous.flutterlocalnotifications.FlutterLocalNotificationsPlugin: void initialize(io.flutter.plugin.common.MethodCall,io.flutter.plugin.common.MethodChannel$Result)
androidx.appcompat.widget.AppCompatTextView: void setTextMetricsParamsCompat(androidx.core.text.PrecomputedTextCompat$Params)
com.yalantis.ucrop.view.widget.HorizontalProgressWheelView: void setScrollingListener(com.yalantis.ucrop.view.widget.HorizontalProgressWheelView$ScrollingListener)
com.google.android.gms.measurement.AppMeasurement: long generateEventId()
androidx.appcompat.widget.Toolbar: void setLogoDescription(int)
androidx.lifecycle.ReportFragment$LifecycleCallbacks: void onActivityStarted(android.app.Activity)
com.google.android.gms.measurement.internal.AppMeasurementDynamiteService: void onActivityCreated(com.google.android.gms.dynamic.IObjectWrapper,android.os.Bundle,long)
io.flutter.plugin.editing.ImeSyncDeferringInsetsCallback: android.view.WindowInsetsAnimation$Callback getAnimationCallback()
androidx.appcompat.widget.ActionMenuView: int getPopupTheme()
com.google.android.gms.measurement.internal.AppMeasurementDynamiteService: void onActivitySaveInstanceState(com.google.android.gms.dynamic.IObjectWrapper,com.google.android.gms.internal.measurement.zzcf,long)
androidx.appcompat.widget.LinearLayoutCompat: int getGravity()
org.threeten.bp.chrono.Chronology: java.lang.Object readResolve()
io.flutter.plugin.platform.SingleViewPresentation: SingleViewPresentation(android.content.Context,android.view.Display,io.flutter.plugin.platform.AccessibilityEventsDelegate,io.flutter.plugin.platform.SingleViewPresentation$PresentationState,android.view.View$OnFocusChangeListener,boolean)
com.dexterous.flutterlocalnotifications.RuntimeTypeAdapterFactory: java.util.Map access$200(com.dexterous.flutterlocalnotifications.RuntimeTypeAdapterFactory)
com.dexterous.flutterlocalnotifications.RuntimeTypeAdapterFactory: com.dexterous.flutterlocalnotifications.RuntimeTypeAdapterFactory registerSubtype(java.lang.Class)
com.dexterous.flutterlocalnotifications.FlutterLocalNotificationsPlugin: com.dexterous.flutterlocalnotifications.models.NotificationDetails extractNotificationDetails(io.flutter.plugin.common.MethodChannel$Result,java.util.Map)
androidx.appcompat.widget.Toolbar: void setLogo(android.graphics.drawable.Drawable)
androidx.appcompat.widget.Toolbar: int getContentInsetRight()