build/app/outputs/mapping/liveRelease/usage.txt
com.sports.super11.the_super11.BuildConfig
com.sports.super11.the_super11.R$anim
com.sports.super11.the_super11.R$animator
com.sports.super11.the_super11.R$attr
com.sports.super11.the_super11.R$bool
com.sports.super11.the_super11.R$color
com.sports.super11.the_super11.R$dimen
com.sports.super11.the_super11.R$drawable
com.sports.super11.the_super11.R$id
com.sports.super11.the_super11.R$integer
com.sports.super11.the_super11.R$interpolator
com.sports.super11.the_super11.R$layout
com.sports.super11.the_super11.R$menu
com.sports.super11.the_super11.R$mipmap
com.sports.super11.the_super11.R$raw
com.sports.super11.the_super11.R$string
com.sports.super11.the_super11.R$style
com.sports.super11.the_super11.R$styleable
com.sports.super11.the_super11.R$xml
com.sports.super11.the_super11.R
...
com.google.firebase.installations.FirebaseInstallations$2
com.google.firebase.installations.FirebaseInstallations:
    private static final java.lang.String API_KEY_VALIDATION_MSG
    private static final java.lang.String APP_ID_VALIDATION_MSG
    private static final java.lang.String AUTH_ERROR_MSG
    private static final java.lang.String CHIME_FIREBASE_APP_NAME
    private static final int CORE_POOL_SIZE
    private static final long KEEP_ALIVE_TIME_IN_SECONDS
    private static final java.lang.String LOCKFILE_NAME_GENERATE_FID
    private static final int MAXIMUM_POOL_SIZE
    private static final java.lang.String PROJECT_ID_VALIDATION_MSG
    static synthetic java.util.Set access$000(com.google.firebase.installations.FirebaseInstallations)
    public com.google.android.gms.tasks.Task delete()
    private java.lang.Void deleteFirebaseInstallationId()
    java.lang.String getName()
    public synchronized com.google.firebase.installations.internal.FidListenerHandle registerFidListener(com.google.firebase.installations.internal.FidListener)
com.google.firebase.installations.FirebaseInstallationsApi:
    public abstract com.google.android.gms.tasks.Task delete()
    public abstract com.google.firebase.installations.internal.FidListenerHandle registerFidListener(com.google.firebase.installations.internal.FidListener)
com.google.firebase.installations.FirebaseInstallationsException:
    public void <init>(java.lang.String,com.google.firebase.installations.FirebaseInstallationsException$Status,java.lang.Throwable)
    public com.google.firebase.installations.FirebaseInstallationsException$Status getStatus()
com.google.firebase.installations.InstallationTokenResult:
    public abstract com.google.firebase.installations.InstallationTokenResult$Builder toBuilder()
com.google.firebase.installations.R$attr
com.google.firebase.installations.R$color
com.google.firebase.installations.R$dimen
com.google.firebase.installations.R$drawable
com.google.firebase.installations.R$id
com.google.firebase.installations.R$integer
com.google.firebase.installations.R$layout
com.google.firebase.installations.R$string
com.google.firebase.installations.R$style
com.google.firebase.installations.R$styleable
com.google.firebase.installations.R
com.google.firebase.installations.RandomFidGenerator:
    private static final int FID_LENGTH
com.google.firebase.installations.Utils:
    private static final java.lang.String APP_ID_IDENTIFICATION_SUBSTRING
com.google.firebase.installations.internal.FidListenerHandle
com.google.firebase.installations.interop.BuildConfig
com.google.firebase.installations.interop.R$attr
com.google.firebase.installations.interop.R$color
com.google.firebase.installations.interop.R$dimen
com.google.firebase.installations.interop.R$drawable
com.google.firebase.installations.interop.R$id
com.google.firebase.installations.interop.R$integer
com.google.firebase.installations.interop.R$layout
com.google.firebase.installations.interop.R$string
com.google.firebase.installations.interop.R$style
com.google.firebase.installations.interop.R$styleable
com.google.firebase.installations.interop.R
com.google.firebase.installations.local.IidStore:
    private static final java.lang.String IID_SHARED_PREFS_NAME
    private static final java.lang.String JSON_ENCODED_PREFIX
    private static final java.lang.String JSON_TOKEN_KEY
    private static final java.lang.String STORE_KEY_ID
    private static final java.lang.String STORE_KEY_PUB
    private static final java.lang.String STORE_KEY_SEPARATOR
    private static final java.lang.String STORE_KEY_TOKEN
    public void <init>(android.content.SharedPreferences,java.lang.String)